<?xml version="1.0" encoding="UTF-8"?>
<testsuite xmlns:xsi="http://www.w3.org/2001/XMLSchema-instance" xsi:noNamespaceSchemaLocation="https://maven.apache.org/surefire/maven-surefire-plugin/xsd/surefire-test-report-3.0.xsd" version="3.0" name="TestSuite" time="22.369" tests="1" errors="0" skipped="0" failures="1">
  <properties>
[...]
</properties>
  <testcase name="test_Account_Regidtration" classname="testCases.TC_001_AccountRegistrationTest" time="18.154">
    <failure message="java.lang.reflect.InvocationTargetException&#10;Build info: version: &apos;4.12.1&apos;, revision: &apos;8e34639b11&apos;&#10;System info: os.name: &apos;Windows 11&apos;, os.arch: &apos;amd64&apos;, os.version: &apos;10.0&apos;, java.version: &apos;20.0.2&apos;&#10;Driver info: org.openqa.selenium.chrome.ChromeDriver&#10;Command: [7c2ba7b1b3f161ab044862c5619728f9, actions {actions=[org.openqa.selenium.interactions.Sequence@7cbeac65]}]&#10;Capabilities {acceptInsecureCerts: false, browserName: chrome, browserVersion: 118.0.5993.89, chrome: {chromedriverVersion: 118.0.5993.70 (e52f33f30b91..., userDataDir: C:\Users\mdjaf\AppData\Loca...}, fedcm:accounts: true, goog:chromeOptions: {debuggerAddress: localhost:64501}, networkConnectionEnabled: false, pageLoadStrategy: normal, platformName: windows, proxy: Proxy(), se:cdp: ws://localhost:64501/devtoo..., se:cdpVersion: 118.0.5993.89, setWindowRect: true, strictFileInteractability: false, timeouts: {implicit: 0, pageLoad: 300000, script: 30000}, unhandledPromptBehavior: dismiss and notify, webauthn:extension:credBlob: true, webauthn:extension:largeBlob: true, webauthn:extension:minPinLength: true, webauthn:extension:prf: true, webauthn:virtualAuthenticators: true}&#10;Session ID: 7c2ba7b1b3f161ab044862c5619728f9" type="java.lang.AssertionError"><![CDATA[java.lang.AssertionError: 
java.lang.reflect.InvocationTargetException
Build info: version: '4.12.1', revision: '8e34639b11'
System info: os.name: 'Windows 11', os.arch: 'amd64', os.version: '10.0', java.version: '20.0.2'
Driver info: org.openqa.selenium.chrome.ChromeDriver
Command: [7c2ba7b1b3f161ab044862c5619728f9, actions {actions=[org.openqa.selenium.interactions.Sequence@7cbeac65]}]
Capabilities {acceptInsecureCerts: false, browserName: chrome, browserVersion: 118.0.5993.89, chrome: {chromedriverVersion: 118.0.5993.70 (e52f33f30b91..., userDataDir: C:\Users\mdjaf\AppData\Loca...}, fedcm:accounts: true, goog:chromeOptions: {debuggerAddress: localhost:64501}, networkConnectionEnabled: false, pageLoadStrategy: normal, platformName: windows, proxy: Proxy(), se:cdp: ws://localhost:64501/devtoo..., se:cdpVersion: 118.0.5993.89, setWindowRect: true, strictFileInteractability: false, timeouts: {implicit: 0, pageLoad: 300000, script: 30000}, unhandledPromptBehavior: dismiss and notify, webauthn:extension:credBlob: true, webauthn:extension:largeBlob: true, webauthn:extension:minPinLength: true, webauthn:extension:prf: true, webauthn:virtualAuthenticators: true}
Session ID: 7c2ba7b1b3f161ab044862c5619728f9
	at org.testng.Assert.fail(Assert.java:111)
	at testCases.TC_001_AccountRegistrationTest.test_Account_Regidtration(TC_001_AccountRegistrationTest.java:53)
	at java.base/jdk.internal.reflect.DirectMethodHandleAccessor.invoke(DirectMethodHandleAccessor.java:104)
	at java.base/java.lang.reflect.Method.invoke(Method.java:578)
	at org.testng.internal.invokers.MethodInvocationHelper.invokeMethod(MethodInvocationHelper.java:139)
	at org.testng.internal.invokers.TestInvoker.invokeMethod(TestInvoker.java:664)
	at org.testng.internal.invokers.TestInvoker.invokeTestMethod(TestInvoker.java:227)
	at org.testng.internal.invokers.MethodRunner.runInSequence(MethodRunner.java:50)
	at org.testng.internal.invokers.TestInvoker$MethodInvocationAgent.invoke(TestInvoker.java:957)
	at org.testng.internal.invokers.TestInvoker.invokeTestMethods(TestInvoker.java:200)
	at org.testng.internal.invokers.TestMethodWorker.invokeTestMethods(TestMethodWorker.java:148)
	at org.testng.internal.invokers.TestMethodWorker.run(TestMethodWorker.java:128)
	at java.base/java.util.ArrayList.forEach(ArrayList.java:1511)
	at org.testng.TestRunner.privateRun(TestRunner.java:848)
	at org.testng.TestRunner.run(TestRunner.java:621)
	at org.testng.SuiteRunner.runTest(SuiteRunner.java:443)
	at org.testng.SuiteRunner.runSequentially(SuiteRunner.java:437)
	at org.testng.SuiteRunner.privateRun(SuiteRunner.java:397)
	at org.testng.SuiteRunner.run(SuiteRunner.java:336)
	at org.testng.SuiteRunnerWorker.runSuite(SuiteRunnerWorker.java:52)
	at org.testng.SuiteRunnerWorker.run(SuiteRunnerWorker.java:95)
	at org.testng.TestNG.runSuitesSequentially(TestNG.java:1280)
	at org.testng.TestNG.runSuitesLocally(TestNG.java:1200)
	at org.testng.TestNG.runSuites(TestNG.java:1114)
	at org.testng.TestNG.run(TestNG.java:1082)
	at org.apache.maven.surefire.testng.TestNGExecutor.run(TestNGExecutor.java:308)
	at org.apache.maven.surefire.testng.TestNGXmlTestSuite.execute(TestNGXmlTestSuite.java:71)
	at org.apache.maven.surefire.testng.TestNGProvider.invoke(TestNGProvider.java:113)
	at org.apache.maven.surefire.booter.ForkedBooter.runSuitesInProcess(ForkedBooter.java:385)
	at org.apache.maven.surefire.booter.ForkedBooter.execute(ForkedBooter.java:162)
	at org.apache.maven.surefire.booter.ForkedBooter.run(ForkedBooter.java:507)
	at org.apache.maven.surefire.booter.ForkedBooter.main(ForkedBooter.java:495)
]]></failure>
    <system-out><![CDATA[19:30:37,109 |-INFO in ch.qos.logback.classic.LoggerContext[default] - This is logback-classic version 1.4.11
19:30:37,111 |-INFO in ch.qos.logback.classic.util.ContextInitializer@43c1b556 - No custom configurators were discovered as a service.
19:30:37,112 |-INFO in ch.qos.logback.classic.util.ContextInitializer@43c1b556 - Trying to configure with ch.qos.logback.classic.joran.SerializedModelConfigurator
19:30:37,112 |-INFO in ch.qos.logback.classic.util.ContextInitializer@43c1b556 - Constructed configurator of type class ch.qos.logback.classic.joran.SerializedModelConfigurator
19:30:37,134 |-INFO in ch.qos.logback.classic.LoggerContext[default] - Could NOT find resource [logback-test.scmo]
19:30:37,134 |-INFO in ch.qos.logback.classic.LoggerContext[default] - Could NOT find resource [logback.scmo]
19:30:37,143 |-INFO in ch.qos.logback.classic.util.ContextInitializer@43c1b556 - ch.qos.logback.classic.joran.SerializedModelConfigurator.configure() call lasted 23 milliseconds. ExecutionStatus=INVOKE_NEXT_IF_ANY
19:30:37,143 |-INFO in ch.qos.logback.classic.util.ContextInitializer@43c1b556 - Trying to configure with ch.qos.logback.classic.util.DefaultJoranConfigurator
19:30:37,145 |-INFO in ch.qos.logback.classic.util.ContextInitializer@43c1b556 - Constructed configurator of type class ch.qos.logback.classic.util.DefaultJoranConfigurator
19:30:37,145 |-INFO in ch.qos.logback.classic.LoggerContext[default] - Could NOT find resource [logback-test.xml]
19:30:37,148 |-INFO in ch.qos.logback.classic.LoggerContext[default] - Found resource [logback.xml] at [file:/C:/Users/mdjaf/selenium_training/OpenCartProject/testframework/target/test-classes/logback.xml]
19:30:37,243 |-INFO in ch.qos.logback.core.model.processor.AppenderModelHandler - Processing appender named [FILE]
19:30:37,243 |-INFO in ch.qos.logback.core.model.processor.AppenderModelHandler - About to instantiate appender of type [ch.qos.logback.core.rolling.RollingFileAppender]
19:30:37,258 |-INFO in c.q.l.core.rolling.SizeAndTimeBasedRollingPolicy@1484673893 - setting totalSizeCap to 50 MB
19:30:37,258 |-INFO in c.q.l.core.rolling.SizeAndTimeBasedRollingPolicy@1484673893 - Archive files will be limited to [1 MB] each.
19:30:37,270 |-INFO in c.q.l.core.rolling.SizeAndTimeBasedRollingPolicy@1484673893 - No compression will be used
19:30:37,273 |-INFO in c.q.l.core.rolling.SizeAndTimeBasedRollingPolicy@1484673893 - Will use the pattern ./logs/logfile-%d{yyyy-MM-dd_HH-mm}.%i.log for the active file
19:30:37,275 |-INFO in ch.qos.logback.core.rolling.SizeAndTimeBasedFNATP@22fcf7ab - The date pattern is 'yyyy-MM-dd_HH-mm' from file name pattern './logs/logfile-%d{yyyy-MM-dd_HH-mm}.%i.log'.
19:30:37,275 |-INFO in ch.qos.logback.core.rolling.SizeAndTimeBasedFNATP@22fcf7ab - Roll-over every minute.
19:30:37,276 |-INFO in ch.qos.logback.core.rolling.SizeAndTimeBasedFNATP@22fcf7ab - Setting initial period to 2023-10-24T13:56:58.846Z
19:30:37,278 |-WARN in c.q.l.core.rolling.SizeAndTimeBasedRollingPolicy@1484673893 - 'maxHistory' is not set, ignoring 'totalSizeCap' option with value [50 MB]
19:30:37,291 |-INFO in ch.qos.logback.core.rolling.RollingFileAppender[FILE] - Active log file name: ./logs/logfile.log
19:30:37,291 |-INFO in ch.qos.logback.core.rolling.RollingFileAppender[FILE] - File property is set to [./logs/logfile.log]
19:30:37,292 |-INFO in ch.qos.logback.classic.model.processor.RootLoggerModelHandler - Setting level of ROOT logger to INFO
19:30:37,292 |-INFO in ch.qos.logback.core.model.processor.AppenderRefModelHandler - Attaching appender named [FILE] to Logger[ROOT]
19:30:37,293 |-INFO in ch.qos.logback.core.model.processor.DefaultProcessor@2de23121 - End of configuration.
19:30:37,293 |-INFO in ch.qos.logback.classic.joran.JoranConfigurator@63475ace - Registering current configuration as safe fallback point
19:30:37,293 |-INFO in ch.qos.logback.classic.util.ContextInitializer@43c1b556 - ch.qos.logback.classic.util.DefaultJoranConfigurator.configure() call lasted 148 milliseconds. ExecutionStatus=DO_NOT_INVOKE_NEXT_IF_ANY

]]></system-out>
    <system-err><![CDATA[Oct 24, 2023 7:30:39 PM org.openqa.selenium.devtools.CdpVersionFinder findNearestMatch
WARNING: Unable to find an exact match for CDP version 118, so returning the closest version found: 116
]]></system-err>
  </testcase>
</testsuite>